<?xml version="1.0" encoding="UTF-8"?>
<!-- Generated by org.testng.reporters.JUnitXMLReporter -->
<testsuite hostname="Infva07132" name="OnlyTest" tests="11" failures="10" timestamp="29 Jun 2018 01:53:28 GMT" time="50.128" errors="0">
  <testcase name="@AfterClass tearDown" time="0.0" classname="softpac.TransactionEntry_ExcelExecutor">
    <failure type="java.lang.NullPointerException">
      <![CDATA[java.lang.NullPointerException
	at softpac.ExcelReportWriter.excelReportWriter(ExcelReportWriter.java:65)
	at softpac.TransactionEntry_ExcelExecutor.tearDown(TransactionEntry_ExcelExecutor.java:210)
... Removed 24 stack frames]]>
    </failure>
  </testcase> <!-- @AfterClass tearDown -->
  <testcase name="@AfterClass tearDown" time="0.0" classname="softpac.Registration_MemberExecuter_individual">
    <failure type="java.lang.NullPointerException">
      <![CDATA[java.lang.NullPointerException
	at softpac.ExcelReportWriter.excelReportWriter(ExcelReportWriter.java:65)
	at softpac.Registration_MemberExecuter_individual.tearDown(Registration_MemberExecuter_individual.java:249)
... Removed 24 stack frames]]>
    </failure>
  </testcase> <!-- @AfterClass tearDown -->
  <testcase name="@AfterMethod tearDown" time="0.0" classname="softpac.ViewFD_ExcelExecutor">
    <failure type="java.lang.NullPointerException">
      <![CDATA[java.lang.NullPointerException
	at softpac.ExcelReportWriter.excelReportWriter(ExcelReportWriter.java:76)
	at softpac.ViewFD_ExcelExecutor.tearDown(ViewFD_ExcelExecutor.java:200)
... Removed 26 stack frames]]>
    </failure>
  </testcase> <!-- @AfterMethod tearDown -->
  <testcase name="@AfterClass tearDown" time="0.0" classname="softpac.ViewFD_ExcelExecutor">
    <skipped/>
  </testcase> <!-- @AfterClass tearDown -->
  <testcase name="@AfterClass tearDown" time="0.0" classname="softpac.MemRegNI_ExcelExecutor">
    <failure type="java.lang.NullPointerException">
      <![CDATA[java.lang.NullPointerException
	at softpac.ExcelReportWriter.excelReportWriter(ExcelReportWriter.java:65)
	at softpac.MemRegNI_ExcelExecutor.tearDown(MemRegNI_ExcelExecutor.java:204)
... Removed 24 stack frames]]>
    </failure>
  </testcase> <!-- @AfterClass tearDown -->
  <testcase name="@AfterClass tearDown" time="0.0" classname="softpac.FD_Joint_Executor">
    <failure type="java.lang.NullPointerException">
      <![CDATA[java.lang.NullPointerException
	at softpac.ExcelReportWriter.excelReportWriter(ExcelReportWriter.java:65)
	at softpac.FD_Joint_Executor.tearDown(FD_Joint_Executor.java:208)
... Removed 24 stack frames]]>
    </failure>
  </testcase> <!-- @AfterClass tearDown -->
  <testcase name="@AfterClass tearDown" time="0.0" classname="softpac.MemRegNI_Joint_ExcelExecutor">
    <failure type="java.lang.NullPointerException">
      <![CDATA[java.lang.NullPointerException
	at softpac.ExcelReportWriter.excelReportWriter(ExcelReportWriter.java:65)
	at softpac.MemRegNI_Joint_ExcelExecutor.tearDown(MemRegNI_Joint_ExcelExecutor.java:243)
... Removed 24 stack frames]]>
    </failure>
  </testcase> <!-- @AfterClass tearDown -->
  <testcase name="@AfterClass tearDown" time="0.0" classname="softpac.FD_Single_Executor">
    <failure type="java.lang.NullPointerException">
      <![CDATA[java.lang.NullPointerException
	at softpac.ExcelReportWriter.excelReportWriter(ExcelReportWriter.java:65)
	at softpac.FD_Single_Executor.tearDown(FD_Single_Executor.java:207)
... Removed 24 stack frames]]>
    </failure>
  </testcase> <!-- @AfterClass tearDown -->
  <testcase name="@AfterClass tearDown" time="0.0" classname="softpac.CloseFD_ExcelExecutor">
    <failure type="java.lang.NullPointerException">
      <![CDATA[java.lang.NullPointerException
	at softpac.ExcelReportWriter.excelReportWriter(ExcelReportWriter.java:65)
	at softpac.CloseFD_ExcelExecutor.tearDown(CloseFD_ExcelExecutor.java:199)
... Removed 24 stack frames]]>
    </failure>
  </testcase> <!-- @AfterClass tearDown -->
  <testcase name="@AfterClass tearDown" time="0.0" classname="softpac.IndividualModification_ExcelExec">
    <failure type="java.lang.NullPointerException">
      <![CDATA[java.lang.NullPointerException
	at softpac.ExcelReportWriter.excelReportWriter(ExcelReportWriter.java:65)
	at softpac.IndividualModification_ExcelExec.tearDown(IndividualModification_ExcelExec.java:214)
... Removed 24 stack frames]]>
    </failure>
  </testcase> <!-- @AfterClass tearDown -->
  <testcase name="@AfterClass tearDown" time="0.0" classname="softpac.NonIndividualModification_ExelExec">
    <failure type="java.lang.NullPointerException">
      <![CDATA[java.lang.NullPointerException
	at softpac.ExcelReportWriter.excelReportWriter(ExcelReportWriter.java:65)
	at softpac.NonIndividualModification_ExelExec.tearDown(NonIndividualModification_ExelExec.java:206)
... Removed 24 stack frames]]>
    </failure>
  </testcase> <!-- @AfterClass tearDown -->
  <testcase name="@AfterClass tearDown" time="0.0" classname="softpac.Registration_customerExecuter_individual">
    <failure type="java.lang.NullPointerException">
      <![CDATA[java.lang.NullPointerException
	at softpac.ExcelReportWriter.excelReportWriter(ExcelReportWriter.java:65)
	at softpac.Registration_customerExecuter_individual.tearDown(Registration_customerExecuter_individual.java:239)
... Removed 24 stack frames]]>
    </failure>
  </testcase> <!-- @AfterClass tearDown -->
  <testcase name="testLogin" time="0.16" classname="softpac.TransactionEntry_ExcelExecutor">
    <failure type="org.testng.TestNGException" message="
The data provider is trying to pass 1 parameters but the method softpac.TransactionEntry_ExcelExecutor#testLogin takes 9 and TestNG is unable in inject a suitable object">
      <![CDATA[org.testng.TestNGException: 
The data provider is trying to pass 1 parameters but the method softpac.TransactionEntry_ExcelExecutor#testLogin takes 9 and TestNG is unable in inject a suitable object
Caused by: java.lang.ArrayIndexOutOfBoundsException: 1
	... 17 more
... Removed 19 stack frames]]>
    </failure>
  </testcase> <!-- testLogin -->
  <testcase name="testLogin" time="0.078" classname="softpac.Registration_MemberExecuter_individual">
    <failure type="org.testng.TestNGException" message="
The data provider is trying to pass 1 parameters but the method softpac.Registration_MemberExecuter_individual#testLogin takes 33 and TestNG is unable in inject a suitable object">
      <![CDATA[org.testng.TestNGException: 
The data provider is trying to pass 1 parameters but the method softpac.Registration_MemberExecuter_individual#testLogin takes 33 and TestNG is unable in inject a suitable object
Caused by: java.lang.ArrayIndexOutOfBoundsException: 1
	... 17 more
... Removed 19 stack frames]]>
    </failure>
  </testcase> <!-- testLogin -->
  <testcase name="testLogin" time="5.463" classname="softpac.ViewFD_ExcelExecutor"/>
  <testcase name="testLogin" time="0.023" classname="softpac.MemRegNI_ExcelExecutor">
    <failure type="org.testng.TestNGException" message="
The data provider is trying to pass 1 parameters but the method softpac.MemRegNI_ExcelExecutor#testLogin takes 27 and TestNG is unable in inject a suitable object">
      <![CDATA[org.testng.TestNGException: 
The data provider is trying to pass 1 parameters but the method softpac.MemRegNI_ExcelExecutor#testLogin takes 27 and TestNG is unable in inject a suitable object
Caused by: java.lang.ArrayIndexOutOfBoundsException: 1
	... 17 more
... Removed 19 stack frames]]>
    </failure>
  </testcase> <!-- testLogin -->
  <testcase name="testLogin" time="0.039" classname="softpac.FD_Joint_Executor">
    <failure type="org.testng.TestNGException" message="
The data provider is trying to pass 1 parameters but the method softpac.FD_Joint_Executor#testLogin takes 6 and TestNG is unable in inject a suitable object">
      <![CDATA[org.testng.TestNGException: 
The data provider is trying to pass 1 parameters but the method softpac.FD_Joint_Executor#testLogin takes 6 and TestNG is unable in inject a suitable object
Caused by: java.lang.ArrayIndexOutOfBoundsException: 1
	... 17 more
... Removed 19 stack frames]]>
    </failure>
  </testcase> <!-- testLogin -->
  <testcase name="testLogin" time="0.052" classname="softpac.MemRegNI_Joint_ExcelExecutor">
    <failure type="org.testng.TestNGException" message="
The data provider is trying to pass 1 parameters but the method softpac.MemRegNI_Joint_ExcelExecutor#testLogin takes 30 and TestNG is unable in inject a suitable object">
      <![CDATA[org.testng.TestNGException: 
The data provider is trying to pass 1 parameters but the method softpac.MemRegNI_Joint_ExcelExecutor#testLogin takes 30 and TestNG is unable in inject a suitable object
Caused by: java.lang.ArrayIndexOutOfBoundsException: 1
	... 17 more
... Removed 19 stack frames]]>
    </failure>
  </testcase> <!-- testLogin -->
  <testcase name="testLogin" time="0.027" classname="softpac.FD_Single_Executor">
    <failure type="org.testng.TestNGException" message="
The data provider is trying to pass 1 parameters but the method softpac.FD_Single_Executor#testLogin takes 5 and TestNG is unable in inject a suitable object">
      <![CDATA[org.testng.TestNGException: 
The data provider is trying to pass 1 parameters but the method softpac.FD_Single_Executor#testLogin takes 5 and TestNG is unable in inject a suitable object
Caused by: java.lang.ArrayIndexOutOfBoundsException: 1
	... 17 more
... Removed 19 stack frames]]>
    </failure>
  </testcase> <!-- testLogin -->
  <testcase name="testLogin" time="0.02" classname="softpac.CloseFD_ExcelExecutor">
    <failure type="org.testng.TestNGException" message="
The data provider is trying to pass 1 parameters but the method softpac.CloseFD_ExcelExecutor#testLogin takes 4 and TestNG is unable in inject a suitable object">
      <![CDATA[org.testng.TestNGException: 
The data provider is trying to pass 1 parameters but the method softpac.CloseFD_ExcelExecutor#testLogin takes 4 and TestNG is unable in inject a suitable object
Caused by: java.lang.ArrayIndexOutOfBoundsException: 1
	... 17 more
... Removed 19 stack frames]]>
    </failure>
  </testcase> <!-- testLogin -->
  <testcase name="testLogin" time="0.012" classname="softpac.IndividualModification_ExcelExec">
    <failure type="org.testng.TestNGException" message="
The data provider is trying to pass 1 parameters but the method softpac.IndividualModification_ExcelExec#testLogin takes 31 and TestNG is unable in inject a suitable object">
      <![CDATA[org.testng.TestNGException: 
The data provider is trying to pass 1 parameters but the method softpac.IndividualModification_ExcelExec#testLogin takes 31 and TestNG is unable in inject a suitable object
Caused by: java.lang.ArrayIndexOutOfBoundsException: 1
	... 17 more
... Removed 19 stack frames]]>
    </failure>
  </testcase> <!-- testLogin -->
  <testcase name="testLogin" time="0.014" classname="softpac.NonIndividualModification_ExelExec">
    <failure type="org.testng.TestNGException" message="
The data provider is trying to pass 1 parameters but the method softpac.NonIndividualModification_ExelExec#testLogin takes 19 and TestNG is unable in inject a suitable object">
      <![CDATA[org.testng.TestNGException: 
The data provider is trying to pass 1 parameters but the method softpac.NonIndividualModification_ExelExec#testLogin takes 19 and TestNG is unable in inject a suitable object
Caused by: java.lang.ArrayIndexOutOfBoundsException: 1
	... 17 more
... Removed 19 stack frames]]>
    </failure>
  </testcase> <!-- testLogin -->
  <testcase name="testLogin" time="0.017" classname="softpac.Registration_customerExecuter_individual">
    <failure type="org.testng.TestNGException" message="
The data provider is trying to pass 1 parameters but the method softpac.Registration_customerExecuter_individual#testLogin takes 27 and TestNG is unable in inject a suitable object">
      <![CDATA[org.testng.TestNGException: 
The data provider is trying to pass 1 parameters but the method softpac.Registration_customerExecuter_individual#testLogin takes 27 and TestNG is unable in inject a suitable object
Caused by: java.lang.ArrayIndexOutOfBoundsException: 1
	... 17 more
... Removed 19 stack frames]]>
    </failure>
  </testcase> <!-- testLogin -->
</testsuite> <!-- OnlyTest -->
